<?xml version="1.0" encoding="UTF-8"?>
<!-- Generated by org.testng.reporters.JUnitXMLReporter -->
<testsuite ignored="0" hostname="LAPTOP-FUN2M76R" failures="0" tests="7" name="Default test" time="12.86" errors="0" timestamp="2024-12-18T20:18:36 IST">
  <testcase classname="test.TabsTest" name="clickAtClose" time="0.525"/>
  <testcase classname="test.TabsTest" name="clickAtPractice" time="1.931"/>
  <testcase classname="test.TabsTest" name="clickAtWigets" time="0.157"/>
  <testcase classname="test.TabsTest" name="clickAtTab" time="0.212"/>
  <testcase classname="test.TabsTest" name="clickAtTab1" time="0.191"/>
  <testcase classname="test.TabsTest" name="clickAtTab2" time="0.151"/>
  <testcase classname="test.TabsTest" name="clickAtTab3" time="0.27"/>
</testsuite> <!-- Default test -->
