<?xml version="1.0" encoding="UTF-8"?>
<!-- Generated by org.testng.reporters.JUnitXMLReporter -->
<testsuite ignored="0" hostname="LAPTOP-FUN2M76R" failures="0" tests="5" name="AccordianTest" time="12.259" errors="0" timestamp="2024-12-25T16:00:06 IST">
  <testcase classname="test.AccordianTest" name="clickAtClose" time="0.796"/>
  <testcase classname="test.AccordianTest" name="clickAtPractice" time="2.984"/>
  <testcase classname="test.AccordianTest" name="clickAtWidgets" time="0.35"/>
  <testcase classname="test.AccordianTest" name="clickAtAccordian" time="0.542"/>
  <testcase classname="test.AccordianTest" name="clickAtAccordianPara" time="0.26"/>
</testsuite> <!-- AccordianTest -->
