<?xml version="1.0" encoding="UTF-8"?>
<!-- Generated by org.testng.reporters.JUnitXMLReporter -->
<testsuite ignored="0" hostname="LAPTOP-FUN2M76R" failures="0" tests="8" name="Alerts_Test" time="32.643" errors="0" timestamp="2024-12-09T20:42:52 IST">
  <testcase classname="test.Alerts_Test" name="cllickAtClose" time="0.69"/>
  <testcase classname="test.Alerts_Test" name="cllickAtPractice" time="6.221"/>
  <testcase classname="test.Alerts_Test" name="cllickAtAlertsFrameWindow" time="0.273"/>
  <testcase classname="test.Alerts_Test" name="cllicAtalerts" time="0.41"/>
  <testcase classname="test.Alerts_Test" name="cllickAtMyAlerts" time="0.98"/>
  <testcase classname="test.Alerts_Test" name="cllickAt5SecAlerts" time="6.568"/>
  <testcase classname="test.Alerts_Test" name="cllickAtMyConfirmAlert" time="0.956"/>
  <testcase classname="test.Alerts_Test" name="cllickAtMyPrompt" time="0.722"/>
</testsuite> <!-- Alerts_Test -->
