<?xml version="1.0" encoding="UTF-8"?>
<!-- Generated by org.testng.reporters.JUnitXMLReporter -->
<testsuite ignored="0" hostname="LAPTOP-FUN2M76R" failures="0" tests="8" name="Alerts_Test" time="46.515" errors="0" timestamp="2024-12-25T15:52:07 IST">
  <testcase classname="test.Alerts_Test" name="cllickAtClose" time="0.606"/>
  <testcase classname="test.Alerts_Test" name="cllickAtPractice" time="3.561"/>
  <testcase classname="test.Alerts_Test" name="cllickAtAlertsFrameWindow" time="0.428"/>
  <testcase classname="test.Alerts_Test" name="cllicAtalerts" time="0.926"/>
  <testcase classname="test.Alerts_Test" name="cllickAtMyAlerts" time="1.139"/>
  <testcase classname="test.Alerts_Test" name="cllickAt5SecAlerts" time="5.939"/>
  <testcase classname="test.Alerts_Test" name="cllickAtMyConfirmAlert" time="0.583"/>
  <testcase classname="test.Alerts_Test" name="cllickAtMyPrompt" time="0.644"/>
</testsuite> <!-- Alerts_Test -->
