<?xml version="1.0" encoding="UTF-8"?>
<!-- Generated by org.testng.reporters.JUnitXMLReporter -->
<testsuite ignored="0" hostname="LAPTOP-FUN2M76R" failures="0" tests="5" name="AutocompleteTest" time="19.735" errors="0" timestamp="2024-12-25T16:00:26 IST">
  <testcase classname="test.AutocompleteTest" name="clickAtClose" time="1.264"/>
  <testcase classname="test.AutocompleteTest" name="clickAtPractice" time="5.352"/>
  <testcase classname="test.AutocompleteTest" name="clickAtWigets" time="0.382"/>
  <testcase classname="test.AutocompleteTest" name="clickAtAutoComplete" time="0.818"/>
  <testcase classname="test.AutocompleteTest" name="clickAtAutoCompletetext" time="0.566"/>
</testsuite> <!-- AutocompleteTest -->
