<?xml version="1.0" encoding="UTF-8"?>
<!-- Generated by org.testng.reporters.JUnitXMLReporter -->
<testsuite ignored="0" hostname="LAPTOP-FUN2M76R" failures="0" tests="7" name="BrowserWindowTest" time="54.12" errors="0" timestamp="2024-12-25T15:53:03 IST">
  <testcase classname="test.BrowserWindowTest" name="cllickAtClose" time="0.415"/>
  <testcase classname="test.BrowserWindowTest" name="cllickAtPractice" time="3.542"/>
  <testcase classname="test.BrowserWindowTest" name="cllickAtAlertsFrameWindow" time="0.553"/>
  <testcase classname="test.BrowserWindowTest" name="cllickAtBrowserWindows" time="0.653"/>
  <testcase classname="test.BrowserWindowTest" name="cllickAtNewTab" time="4.623"/>
  <testcase classname="test.BrowserWindowTest" name="clickAtNewWindow" time="1.015"/>
  <testcase classname="test.BrowserWindowTest" name="clickAtNewWindowMsg" time="15.201"/>
</testsuite> <!-- BrowserWindowTest -->
