<?xml version="1.0" encoding="UTF-8"?>
<!-- Generated by org.testng.reporters.JUnitXMLReporter -->
<testsuite ignored="0" hostname="LAPTOP-FUN2M76R" failures="0" tests="8" name="ButtonsTest" time="25.444" errors="0" timestamp="2024-12-09T20:40:56 IST">
  <testcase classname="test.ButtonsTest" name="clickonClose" time="0.57"/>
  <testcase classname="test.ButtonsTest" name="clickonPractice" time="5.066"/>
  <testcase classname="test.ButtonsTest" name="clickonElement" time="0.1"/>
  <testcase classname="test.ButtonsTest" name="clickonbuttons" time="0.194"/>
  <testcase classname="test.ButtonsTest" name="clickonDoubleclick" time="0.276"/>
  <testcase classname="test.ButtonsTest" name="clickonRightclick" time="0.671"/>
  <testcase classname="test.ButtonsTest" name="clickonClickme" time="0.155"/>
  <testcase classname="test.ButtonsTest" name="buttonsvalidate" time="0.473"/>
</testsuite> <!-- ButtonsTest -->
