<?xml version="1.0" encoding="UTF-8"?>
<!-- Generated by org.testng.reporters.JUnitXMLReporter -->
<testsuite ignored="0" hostname="LAPTOP-FUN2M76R" failures="0" tests="8" name="ButtonsTest" time="17.958" errors="0" timestamp="2024-12-25T15:50:53 IST">
  <testcase classname="test.ButtonsTest" name="clickonClose" time="0.738"/>
  <testcase classname="test.ButtonsTest" name="clickonPractice" time="2.75"/>
  <testcase classname="test.ButtonsTest" name="clickonElement" time="0.124"/>
  <testcase classname="test.ButtonsTest" name="clickonbuttons" time="0.369"/>
  <testcase classname="test.ButtonsTest" name="clickonDoubleclick" time="0.341"/>
  <testcase classname="test.ButtonsTest" name="clickonRightclick" time="0.265"/>
  <testcase classname="test.ButtonsTest" name="clickonClickme" time="0.234"/>
  <testcase classname="test.ButtonsTest" name="buttonsvalidate" time="0.37"/>
</testsuite> <!-- ButtonsTest -->
