<?xml version="1.0" encoding="UTF-8"?>
<!-- Generated by org.testng.reporters.JUnitXMLReporter -->
<testsuite ignored="0" hostname="LAPTOP-FUN2M76R" failures="0" tests="7" name="CheckBoxTest" time="17.07" errors="0" timestamp="2024-12-09T20:39:47 IST">
  <testcase classname="test.CheckBoxTest" name="clickonclose" time="0.877"/>
  <testcase classname="test.CheckBoxTest" name="cliconpractice" time="2.273"/>
  <testcase classname="test.CheckBoxTest" name="clickonelements" time="0.101"/>
  <testcase classname="test.CheckBoxTest" name="clickoncheckbox" time="0.173"/>
  <testcase classname="test.CheckBoxTest" name="clickonmobile" time="0.561"/>
  <testcase classname="test.CheckBoxTest" name="clickonlaptop" time="0.18"/>
  <testcase classname="test.CheckBoxTest" name="clickondesktop" time="0.158"/>
</testsuite> <!-- CheckBoxTest -->
