<?xml version="1.0" encoding="UTF-8"?>
<!-- Generated by org.testng.reporters.JUnitXMLReporter -->
<testsuite ignored="0" hostname="LAPTOP-FUN2M76R" failures="0" tests="6" name="DatePickerTest" time="22.774" errors="0" timestamp="2024-12-25T16:00:49 IST">
  <testcase classname="test.DatePickerTest" name="clickAtClose" time="0.472"/>
  <testcase classname="test.DatePickerTest" name="clickAtPractice" time="3.659"/>
  <testcase classname="test.DatePickerTest" name="clickAtWigets" time="0.372"/>
  <testcase classname="test.DatePickerTest" name="clickAtDatePicker" time="0.569"/>
  <testcase classname="test.DatePickerTest" name="clickAtDate" time="0.434"/>
  <testcase classname="test.DatePickerTest" name="clickAtDateTime" time="0.404"/>
</testsuite> <!-- DatePickerTest -->
