<?xml version="1.0" encoding="UTF-8"?>
<!-- Generated by org.testng.reporters.JUnitXMLReporter -->
<testsuite ignored="0" hostname="LAPTOP-FUN2M76R" failures="0" tests="5" name="DragableTest" time="45.143" errors="0" timestamp="2024-12-25T16:01:36 IST">
  <testcase classname="test.DragableTest" name="clickAtClose" time="0.626"/>
  <testcase classname="test.DragableTest" name="clickAtPractice" time="4.278"/>
  <testcase classname="test.DragableTest" name="clickAtInteractions" time="0.545"/>
  <testcase classname="test.DragableTest" name="clickAtDragable" time="1.936"/>
  <testcase classname="test.DragableTest" name="clickAtDrag" time="1.825"/>
</testsuite> <!-- DragableTest -->
