<?xml version="1.0" encoding="UTF-8"?>
<!-- Generated by org.testng.reporters.JUnitXMLReporter -->
<testsuite ignored="0" hostname="LAPTOP-FUN2M76R" failures="0" tests="5" name="DroppableTest" time="13.661" errors="0" timestamp="2024-12-25T16:17:33 IST">
  <testcase classname="test.DroppableTest" name="clickAtClose" time="0.495"/>
  <testcase classname="test.DroppableTest" name="clickAtPractice" time="2.151"/>
  <testcase classname="test.DroppableTest" name="clickAtInteractions" time="0.274"/>
  <testcase classname="test.DroppableTest" name="clickAtDragable" time="0.526"/>
  <testcase classname="test.DroppableTest" name="imageToDiv" time="0.613"/>
</testsuite> <!-- DroppableTest -->
