<?xml version="1.0" encoding="UTF-8"?>
<!-- Generated by org.testng.reporters.JUnitXMLReporter -->
<testsuite ignored="0" hostname="LAPTOP-FUN2M76R" failures="0" tests="12" name="LinksTest" time="24.088" errors="0" timestamp="2024-12-25T15:50:35 IST">
  <testcase classname="test.LinksTest" name="clickAtClose" time="0.656"/>
  <testcase classname="test.LinksTest" name="clickAtPractice" time="3.114"/>
  <testcase classname="test.LinksTest" name="clickAtElements" time="0.181"/>
  <testcase classname="test.LinksTest" name="clickAtLinks" time="0.441"/>
  <testcase classname="test.LinksTest" name="clickAtDemoPage" time="0.685"/>
  <testcase classname="test.LinksTest" name="clickNextClose" time="4.66"/>
  <testcase classname="test.LinksTest" name="backToPreviousWindow" time="0.213"/>
  <testcase classname="test.LinksTest" name="clickAtCreated" time="1.111"/>
  <testcase classname="test.LinksTest" name="clickAtNoContant" time="0.56"/>
  <testcase classname="test.LinksTest" name="clickAtMoved" time="0.617"/>
  <testcase classname="test.LinksTest" name="clickAtRequest" time="0.523"/>
  <testcase classname="test.LinksTest" name="clickAtUnauthorized" time="0.591"/>
</testsuite> <!-- LinksTest -->
