<?xml version="1.0" encoding="UTF-8"?>
<!-- Generated by org.testng.reporters.JUnitXMLReporter -->
<testsuite ignored="0" hostname="LAPTOP-FUN2M76R" failures="0" tests="12" name="Links_Page" time="14.343" errors="0" timestamp="2024-11-26T20:05:37 IST">
  <testcase classname="test.Links_Test" name="clickAtClose" time="0.227"/>
  <testcase classname="test.Links_Test" name="clickAtPractice" time="2.389"/>
  <testcase classname="test.Links_Test" name="clickAtElements" time="0.112"/>
  <testcase classname="test.Links_Test" name="clickAtLinks" time="0.424"/>
  <testcase classname="test.Links_Test" name="clickAtDemoPage" time="0.235"/>
  <testcase classname="test.Links_Test" name="clickNextClose" time="1.851"/>
  <testcase classname="test.Links_Test" name="backToPreviousWindow" time="0.294"/>
  <testcase classname="test.Links_Test" name="clickAtCreated" time="0.267"/>
  <testcase classname="test.Links_Test" name="clickAtNoContant" time="0.213"/>
  <testcase classname="test.Links_Test" name="clickAtMoved" time="0.17"/>
  <testcase classname="test.Links_Test" name="clickAtRequest" time="0.19"/>
  <testcase classname="test.Links_Test" name="clickAtUnauthorized" time="0.297"/>
</testsuite> <!-- Links_Page -->
