<?xml version="1.0" encoding="UTF-8"?>
<!-- Generated by org.testng.reporters.JUnitXMLReporter -->
<testsuite ignored="0" hostname="LAPTOP-FUN2M76R" failures="0" tests="12" name="LinksTest" time="29.588" errors="0" timestamp="2024-12-09T20:40:31 IST">
  <testcase classname="test.LinksTest" name="clickAtClose" time="0.897"/>
  <testcase classname="test.LinksTest" name="clickAtPractice" time="2.445"/>
  <testcase classname="test.LinksTest" name="clickAtElements" time="0.07"/>
  <testcase classname="test.LinksTest" name="clickAtLinks" time="0.173"/>
  <testcase classname="test.LinksTest" name="clickAtDemoPage" time="0.25"/>
  <testcase classname="test.LinksTest" name="clickNextClose" time="1.322"/>
  <testcase classname="test.LinksTest" name="backToPreviousWindow" time="0.085"/>
  <testcase classname="test.LinksTest" name="clickAtCreated" time="0.445"/>
  <testcase classname="test.LinksTest" name="clickAtNoContant" time="0.09"/>
  <testcase classname="test.LinksTest" name="clickAtMoved" time="0.155"/>
  <testcase classname="test.LinksTest" name="clickAtRequest" time="0.2"/>
  <testcase classname="test.LinksTest" name="clickAtUnauthorized" time="0.139"/>
</testsuite> <!-- LinksTest -->
