<?xml version="1.0" encoding="UTF-8"?>
<!-- Generated by org.testng.reporters.JUnitXMLReporter -->
<testsuite ignored="0" hostname="LAPTOP-FUN2M76R" failures="0" tests="12" name="Links_Test" time="16.252" errors="0" timestamp="2024-11-26T20:05:53 IST">
  <testcase classname="test.Links_Test" name="clickAtClose" time="0.543"/>
  <testcase classname="test.Links_Test" name="clickAtPractice" time="3.055"/>
  <testcase classname="test.Links_Test" name="clickAtElements" time="0.14"/>
  <testcase classname="test.Links_Test" name="clickAtLinks" time="0.358"/>
  <testcase classname="test.Links_Test" name="clickAtDemoPage" time="0.52"/>
  <testcase classname="test.Links_Test" name="clickNextClose" time="1.2"/>
  <testcase classname="test.Links_Test" name="backToPreviousWindow" time="0.086"/>
  <testcase classname="test.Links_Test" name="clickAtCreated" time="0.244"/>
  <testcase classname="test.Links_Test" name="clickAtNoContant" time="0.173"/>
  <testcase classname="test.Links_Test" name="clickAtMoved" time="0.19"/>
  <testcase classname="test.Links_Test" name="clickAtRequest" time="0.137"/>
  <testcase classname="test.Links_Test" name="clickAtUnauthorized" time="0.13"/>
</testsuite> <!-- Links_Test -->
