<?xml version="1.0" encoding="UTF-8"?>
<!-- Generated by org.testng.reporters.JUnitXMLReporter -->
<testsuite ignored="0" hostname="LAPTOP-FUN2M76R" failures="1" tests="3" name="LoginTest" time="11.371" errors="0" timestamp="2024-12-09T20:39:13 IST">
  <testcase classname="test.LoginTest" name="clickonclose" time="0.233"/>
  <testcase classname="test.LoginTest" name="gettitle" time="0.018">
    <failure type="java.lang.AssertionError" message="expected:&amp;lt;true&amp;gt; but was:&amp;lt;false&amp;gt;">
      <![CDATA[java.lang.AssertionError: expected:<true> but was:<false>
at org.junit.Assert.fail(Assert.java:88)
at org.junit.Assert.failNotEquals(Assert.java:834)
at org.junit.Assert.assertEquals(Assert.java:118)
at org.junit.Assert.assertEquals(Assert.java:144)
at test.LoginTest.gettitle(LoginTest.java:37)
at java.base/java.util.ArrayList.forEach(ArrayList.java:1511)
... Removed 25 stack frames]]>
    </failure>
  </testcase> <!-- gettitle -->
  <testcase classname="test.LoginTest" name="geturl" time="0.015"/>
</testsuite> <!-- LoginTest -->
