<?xml version="1.0" encoding="UTF-8"?>
<!-- Generated by org.testng.reporters.JUnitXMLReporter -->
<testsuite ignored="0" hostname="LAPTOP-FUN2M76R" failures="0" tests="6" name="Menu_Test" time="18.757" errors="0" timestamp="2024-12-25T16:14:45 IST">
  <testcase classname="test.Menu_Test" name="clickAtClose" time="0.691"/>
  <testcase classname="test.Menu_Test" name="clickAtPractice" time="5.59"/>
  <testcase classname="test.Menu_Test" name="clickAtWigets" time="0.476"/>
  <testcase classname="test.Menu_Test" name="clickAtMenu" time="0.703"/>
  <testcase classname="test.Menu_Test" name="clickAtSelectMenue" time="0.467"/>
  <testcase classname="test.Menu_Test" name="clickAtBlog" time="0.185"/>
</testsuite> <!-- Menu_Test -->
