<?xml version="1.0" encoding="UTF-8"?>
<!-- Generated by org.testng.reporters.JUnitXMLReporter -->
<testsuite ignored="0" hostname="LAPTOP-FUN2M76R" failures="7" tests="7" name="Menu_Test" time="0.057" errors="0" timestamp="2024-12-11T01:27:15 IST">
  <testcase classname="test.Menu_Test" name="clickAtClose" time="0.006">
    <failure type="java.lang.NullPointerException" message="Cannot invoke &amp;quot;pages.MenuPage.clickOnClose()&amp;quot; because &amp;quot;this.ob&amp;quot; is null">
      <![CDATA[java.lang.NullPointerException: Cannot invoke "pages.MenuPage.clickOnClose()" because "this.ob" is null
at test.Menu_Test.clickAtClose(Menu_Test.java:22)
at java.base/java.util.ArrayList.forEach(ArrayList.java:1511)
... Removed 25 stack frames]]>
    </failure>
  </testcase> <!-- clickAtClose -->
  <testcase classname="test.Menu_Test" name="clickAtPractice" time="0.005">
    <failure type="java.lang.NullPointerException" message="Cannot invoke &amp;quot;pages.MenuPage.clickOnPractice()&amp;quot; because &amp;quot;this.ob&amp;quot; is null">
      <![CDATA[java.lang.NullPointerException: Cannot invoke "pages.MenuPage.clickOnPractice()" because "this.ob" is null
at test.Menu_Test.clickAtPractice(Menu_Test.java:27)
at java.base/java.util.ArrayList.forEach(ArrayList.java:1511)
... Removed 25 stack frames]]>
    </failure>
  </testcase> <!-- clickAtPractice -->
  <testcase classname="test.Menu_Test" name="clickAtWigets" time="0.001">
    <failure type="java.lang.NullPointerException" message="Cannot invoke &amp;quot;pages.MenuPage.cllickOnWigets()&amp;quot; because &amp;quot;this.ob&amp;quot; is null">
      <![CDATA[java.lang.NullPointerException: Cannot invoke "pages.MenuPage.cllickOnWigets()" because "this.ob" is null
at test.Menu_Test.clickAtWigets(Menu_Test.java:32)
at java.base/java.util.ArrayList.forEach(ArrayList.java:1511)
... Removed 25 stack frames]]>
    </failure>
  </testcase> <!-- clickAtWigets -->
  <testcase classname="test.Menu_Test" name="clickAtMenu" time="0.002">
    <failure type="java.lang.NullPointerException" message="Cannot invoke &amp;quot;pages.MenuPage.clickOnMenu()&amp;quot; because &amp;quot;this.ob&amp;quot; is null">
      <![CDATA[java.lang.NullPointerException: Cannot invoke "pages.MenuPage.clickOnMenu()" because "this.ob" is null
at test.Menu_Test.clickAtMenu(Menu_Test.java:37)
at java.base/java.util.ArrayList.forEach(ArrayList.java:1511)
... Removed 25 stack frames]]>
    </failure>
  </testcase> <!-- clickAtMenu -->
  <testcase classname="test.Menu_Test" name="clickAtSelectMenue" time="0.002">
    <failure type="java.lang.NullPointerException" message="Cannot invoke &amp;quot;pages.MenuPage.selectMenu()&amp;quot; because &amp;quot;this.ob&amp;quot; is null">
      <![CDATA[java.lang.NullPointerException: Cannot invoke "pages.MenuPage.selectMenu()" because "this.ob" is null
at test.Menu_Test.clickAtSelectMenue(Menu_Test.java:42)
at java.base/java.util.ArrayList.forEach(ArrayList.java:1511)
... Removed 25 stack frames]]>
    </failure>
  </testcase> <!-- clickAtSelectMenue -->
  <testcase classname="test.Menu_Test" name="clickAtBlog" time="0.002">
    <failure type="java.lang.NullPointerException" message="Cannot invoke &amp;quot;pages.MenuPage.clickOnBlog()&amp;quot; because &amp;quot;this.ob&amp;quot; is null">
      <![CDATA[java.lang.NullPointerException: Cannot invoke "pages.MenuPage.clickOnBlog()" because "this.ob" is null
at test.Menu_Test.clickAtBlog(Menu_Test.java:47)
at java.base/java.util.ArrayList.forEach(ArrayList.java:1511)
... Removed 25 stack frames]]>
    </failure>
  </testcase> <!-- clickAtBlog -->
  <testcase classname="test.Menu_Test" name="clickAtJavaScript" time="0.002">
    <failure type="java.lang.NullPointerException" message="Cannot invoke &amp;quot;pages.MenuPage.clickOnJavaScript()&amp;quot; because &amp;quot;this.ob&amp;quot; is null">
      <![CDATA[java.lang.NullPointerException: Cannot invoke "pages.MenuPage.clickOnJavaScript()" because "this.ob" is null
at test.Menu_Test.clickAtJavaScript(Menu_Test.java:52)
at java.base/java.util.ArrayList.forEach(ArrayList.java:1511)
... Removed 25 stack frames]]>
    </failure>
  </testcase> <!-- clickAtJavaScript -->
</testsuite> <!-- Menu_Test -->
