<?xml version="1.0" encoding="UTF-8"?>
<!-- Generated by org.testng.reporters.JUnitXMLReporter -->
<testsuite ignored="0" hostname="LAPTOP-FUN2M76R" failures="0" tests="6" name="ModalDialogsTest" time="27.42" errors="0" timestamp="2024-12-25T15:53:34 IST">
  <testcase classname="test.ModalDialogsTest" name="clickAtClose" time="0.357"/>
  <testcase classname="test.ModalDialogsTest" name="clickAtPractice" time="2.516"/>
  <testcase classname="test.ModalDialogsTest" name="clickAtAlertFrameWindow" time="0.457"/>
  <testcase classname="test.ModalDialogsTest" name="clickAtModalDialogs" time="0.523"/>
  <testcase classname="test.ModalDialogsTest" name="clickAtOnSmallModal" time="2.355"/>
  <testcase classname="test.ModalDialogsTest" name="clickAtLargeModal" time="2.317"/>
</testsuite> <!-- ModalDialogsTest -->
