<?xml version="1.0" encoding="UTF-8"?>
<!-- Generated by org.testng.reporters.JUnitXMLReporter -->
<testsuite ignored="0" hostname="LAPTOP-FUN2M76R" failures="0" tests="5" name="NestedFrameTest" time="62.251" errors="0" timestamp="2024-12-09T20:43:54 IST">
  <testcase classname="test.NestedFrameTest" name="clickAtClose" time="6.887"/>
  <testcase classname="test.NestedFrameTest" name="clickAtPractice" time="3.158"/>
  <testcase classname="test.NestedFrameTest" name="clickAtAlertFrameWindow" time="0.161"/>
  <testcase classname="test.NestedFrameTest" name="clickAtNestedFrame" time="0.295"/>
  <testcase classname="test.NestedFrameTest" name="clickAtParent" time="0.724"/>
</testsuite> <!-- NestedFrameTest -->
