<?xml version="1.0" encoding="UTF-8"?>
<!-- Generated by org.testng.reporters.JUnitXMLReporter -->
<testsuite ignored="0" hostname="LAPTOP-FUN2M76R" failures="0" tests="5" name="NestedFrameTest" time="33.796" errors="0" timestamp="2024-12-25T15:54:09 IST">
  <testcase classname="test.NestedFrameTest" name="clickAtClose" time="4.3"/>
  <testcase classname="test.NestedFrameTest" name="clickAtPractice" time="5.054"/>
  <testcase classname="test.NestedFrameTest" name="clickAtAlertFrameWindow" time="0.852"/>
  <testcase classname="test.NestedFrameTest" name="clickAtNestedFrame" time="0.706"/>
  <testcase classname="test.NestedFrameTest" name="clickAtParent" time="1.688"/>
</testsuite> <!-- NestedFrameTest -->
