<?xml version="1.0" encoding="UTF-8"?>
<!-- Generated by org.testng.reporters.JUnitXMLReporter -->
<testsuite ignored="0" hostname="LAPTOP-FUN2M76R" failures="0" tests="6" name="ProgressBarTest" time="26.358" errors="0" timestamp="2024-12-25T16:02:49 IST">
  <testcase classname="test.ProgressBarTest" name="clickAtClose" time="0.455"/>
  <testcase classname="test.ProgressBarTest" name="clickAtPractice" time="4.331"/>
  <testcase classname="test.ProgressBarTest" name="clickAtWigets" time="0.457"/>
  <testcase classname="test.ProgressBarTest" name="clickAtProgressBar" time="0.526"/>
  <testcase classname="test.ProgressBarTest" name="clickAtStrtBtn" time="0.381"/>
  <testcase classname="test.ProgressBarTest" name="ProgressBar" time="0.149"/>
</testsuite> <!-- ProgressBarTest -->
