<?xml version="1.0" encoding="UTF-8"?>
<!-- Generated by org.testng.reporters.JUnitXMLReporter -->
<testsuite ignored="0" hostname="LAPTOP-FUN2M76R" failures="0" tests="7" name="RadioButtonsTest" time="21.08" errors="0" timestamp="2024-12-25T15:50:10 IST">
  <testcase classname="test.RadioButtonsTest" name="clickonclose" time="0.488"/>
  <testcase classname="test.RadioButtonsTest" name="clickonpractice" time="5.513"/>
  <testcase classname="test.RadioButtonsTest" name="clickonelements" time="0.487"/>
  <testcase classname="test.RadioButtonsTest" name="clickonradiobuttons" time="0.636"/>
  <testcase classname="test.RadioButtonsTest" name="clickonyesbuttons" time="1.43"/>
  <testcase classname="test.RadioButtonsTest" name="clickonimpressivebuttons" time="0.783"/>
  <testcase classname="test.RadioButtonsTest" name="clickonnobuttons" time="0.205"/>
</testsuite> <!-- RadioButtonsTest -->
