<?xml version="1.0" encoding="UTF-8"?>
<!-- Generated by org.testng.reporters.JUnitXMLReporter -->
<testsuite ignored="0" hostname="LAPTOP-FUN2M76R" failures="0" tests="7" name="RadioButtonsTest" time="14.378" errors="0" timestamp="2024-12-09T20:40:01 IST">
  <testcase classname="test.RadioButtonsTest" name="clickonclose" time="0.249"/>
  <testcase classname="test.RadioButtonsTest" name="clickonpractice" time="2.165"/>
  <testcase classname="test.RadioButtonsTest" name="clickonelements" time="0.124"/>
  <testcase classname="test.RadioButtonsTest" name="clickonradiobuttons" time="0.129"/>
  <testcase classname="test.RadioButtonsTest" name="clickonyesbuttons" time="0.299"/>
  <testcase classname="test.RadioButtonsTest" name="clickonimpressivebuttons" time="0.224"/>
  <testcase classname="test.RadioButtonsTest" name="clickonnobuttons" time="0.247"/>
</testsuite> <!-- RadioButtonsTest -->
