<?xml version="1.0" encoding="UTF-8"?>
<!-- Generated by org.testng.reporters.JUnitXMLReporter -->
<testsuite ignored="0" hostname="LAPTOP-FUN2M76R" failures="0" tests="5" name="ResizableTest" time="30.154" errors="0" timestamp="2024-12-25T16:03:19 IST">
  <testcase classname="test.ResizableTest" name="clickAtClose" time="0.336"/>
  <testcase classname="test.ResizableTest" name="clickAtPractice" time="2.922"/>
  <testcase classname="test.ResizableTest" name="clickAtInteractions" time="0.186"/>
  <testcase classname="test.ResizableTest" name="clickAtResizable" time="0.414"/>
  <testcase classname="test.ResizableTest" name="ResizeBox" time="0.491"/>
</testsuite> <!-- ResizableTest -->
