<?xml version="1.0" encoding="UTF-8"?>
<!-- Generated by org.testng.reporters.JUnitXMLReporter -->
<testsuite ignored="0" hostname="LAPTOP-FUN2M76R" failures="0" tests="8" name="SelectableTest" time="13.444" errors="0" timestamp="2024-12-25T16:20:09 IST">
  <testcase classname="test.SelectableTest" name="clickAtClose" time="0.707"/>
  <testcase classname="test.SelectableTest" name="clickAtPractice" time="2.432"/>
  <testcase classname="test.SelectableTest" name="clickAtInteractions" time="0.32"/>
  <testcase classname="test.SelectableTest" name="clickAtSelectable" time="0.501"/>
  <testcase classname="test.SelectableTest" name="clickAtSelectableList" time="0.273"/>
  <testcase classname="test.SelectableTest" name="clickAtSelectableListItem" time="0.337"/>
  <testcase classname="test.SelectableTest" name="clickAtSelectableGrid" time="0.258"/>
  <testcase classname="test.SelectableTest" name="clickAtSelectableGridItem" time="0.373"/>
</testsuite> <!-- SelectableTest -->
