<?xml version="1.0" encoding="UTF-8"?>
<!-- Generated by org.testng.reporters.JUnitXMLReporter -->
<testsuite ignored="2" hostname="LAPTOP-FUN2M76R" failures="4" tests="4" name="SelectMenu_Test" time="0.138" errors="0" timestamp="2024-12-11T01:27:15 IST">
  <testcase classname="test.SelectMenu_Test" name="clickAtWigets" time="0.02">
    <failure type="java.lang.NullPointerException" message="Cannot invoke &amp;quot;pages.SelectMenu_Page.cllickOnWigets()&amp;quot; because &amp;quot;this.ob&amp;quot; is null">
      <![CDATA[java.lang.NullPointerException: Cannot invoke "pages.SelectMenu_Page.cllickOnWigets()" because "this.ob" is null
at test.SelectMenu_Test.clickAtWigets(SelectMenu_Test.java:34)
at java.base/java.util.ArrayList.forEach(ArrayList.java:1511)
... Removed 25 stack frames]]>
    </failure>
  </testcase> <!-- clickAtWigets -->
  <testcase classname="test.SelectMenu_Test" name="clickAtSelectMenu" time="0.03">
    <failure type="java.lang.NullPointerException" message="Cannot invoke &amp;quot;pages.SelectMenu_Page.clickOnSelectMenu()&amp;quot; because &amp;quot;this.ob&amp;quot; is null">
      <![CDATA[java.lang.NullPointerException: Cannot invoke "pages.SelectMenu_Page.clickOnSelectMenu()" because "this.ob" is null
at test.SelectMenu_Test.clickAtSelectMenu(SelectMenu_Test.java:39)
at java.base/java.util.ArrayList.forEach(ArrayList.java:1511)
... Removed 25 stack frames]]>
    </failure>
  </testcase> <!-- clickAtSelectMenu -->
  <testcase classname="test.SelectMenu_Test" name="clickAtSelectValue" time="0.002">
    <failure type="java.lang.NullPointerException" message="Cannot invoke &amp;quot;pages.SelectMenu_Page.clickOnSelectValue()&amp;quot; because &amp;quot;this.ob&amp;quot; is null">
      <![CDATA[java.lang.NullPointerException: Cannot invoke "pages.SelectMenu_Page.clickOnSelectValue()" because "this.ob" is null
at test.SelectMenu_Test.clickAtSelectValue(SelectMenu_Test.java:44)
at java.base/java.util.ArrayList.forEach(ArrayList.java:1511)
... Removed 25 stack frames]]>
    </failure>
  </testcase> <!-- clickAtSelectValue -->
  <testcase classname="test.SelectMenu_Test" name="clickAtSelectTitle" time="0.006">
    <failure type="java.lang.NullPointerException" message="Cannot invoke &amp;quot;pages.SelectMenu_Page.clickOnSelectValue()&amp;quot; because &amp;quot;this.ob&amp;quot; is null">
      <![CDATA[java.lang.NullPointerException: Cannot invoke "pages.SelectMenu_Page.clickOnSelectValue()" because "this.ob" is null
at test.SelectMenu_Test.clickAtSelectTitle(SelectMenu_Test.java:50)
at java.base/java.util.ArrayList.forEach(ArrayList.java:1511)
... Removed 25 stack frames]]>
    </failure>
  </testcase> <!-- clickAtSelectTitle -->
  <testcase classname="test.SelectMenu_Test" name="clickAtPractice" time="0.0">
    <ignored/>
  </testcase> <!-- clickAtPractice -->
  <testcase classname="test.SelectMenu_Test" name="clickAtClose" time="0.0">
    <ignored/>
  </testcase> <!-- clickAtClose -->
</testsuite> <!-- SelectMenu_Test -->
