<?xml version="1.0" encoding="UTF-8"?>
<!-- Generated by org.testng.reporters.JUnitXMLReporter -->
<testsuite ignored="0" hostname="LAPTOP-FUN2M76R" failures="0" tests="8" name="SelectMenu_Test" time="37.905" errors="0" timestamp="2024-12-25T15:54:47 IST">
  <testcase classname="test.SelectMenu_Test" name="clickAtClose" time="2.315"/>
  <testcase classname="test.SelectMenu_Test" name="clickAtPractice" time="3.852"/>
  <testcase classname="test.SelectMenu_Test" name="clickAtWigets" time="2.085"/>
  <testcase classname="test.SelectMenu_Test" name="clickAtSelectMenu" time="0.821"/>
  <testcase classname="test.SelectMenu_Test" name="clickAtSelectValue" time="3.491"/>
  <testcase classname="test.SelectMenu_Test" name="clickAtSelectTitle" time="4.117"/>
  <testcase classname="test.SelectMenu_Test" name="clickAtOldStyle" time="0.794"/>
  <testcase classname="test.SelectMenu_Test" name="clickAtStdMultiSelect" time="4.168"/>
</testsuite> <!-- SelectMenu_Test -->
