<?xml version="1.0" encoding="UTF-8"?>
<!-- Generated by org.testng.reporters.JUnitXMLReporter -->
<testsuite ignored="0" hostname="LAPTOP-FUN2M76R" failures="0" tests="5" name="Slider_Test" time="18.235" errors="0" timestamp="2024-12-25T16:01:54 IST">
  <testcase classname="test.Slider_Test" name="clickAtClose" time="0.894"/>
  <testcase classname="test.Slider_Test" name="clickAtPractice" time="3.482"/>
  <testcase classname="test.Slider_Test" name="clickAtWigets" time="0.293"/>
  <testcase classname="test.Slider_Test" name="clickAtSlider" time="0.613"/>
  <testcase classname="test.Slider_Test" name="clickAtSliderBar" time="0.51"/>
</testsuite> <!-- Slider_Test -->
