<?xml version="1.0" encoding="UTF-8"?>
<!-- Generated by org.testng.reporters.JUnitXMLReporter -->
<testsuite ignored="0" hostname="LAPTOP-FUN2M76R" failures="0" tests="5" name="SoratbleTest" time="15.855" errors="0" timestamp="2024-12-25T16:02:10 IST">
  <testcase classname="test.SoratbleTest" name="clickAtClose" time="0.465"/>
  <testcase classname="test.SoratbleTest" name="clickAtPractice" time="2.103"/>
  <testcase classname="test.SoratbleTest" name="clickAtInteractions" time="0.237"/>
  <testcase classname="test.SoratbleTest" name="clickAtSortable" time="0.407"/>
  <testcase classname="test.SoratbleTest" name="clickAtCities" time="3.07"/>
</testsuite> <!-- SoratbleTest -->
