<?xml version="1.0" encoding="UTF-8"?>
<!-- Generated by org.testng.reporters.JUnitXMLReporter -->
<testsuite ignored="0" hostname="LAPTOP-FUN2M76R" failures="0" tests="7" name="TabsTest" time="12.353" errors="0" timestamp="2024-12-25T16:02:23 IST">
  <testcase classname="test.TabsTest" name="clickAtClose" time="0.7"/>
  <testcase classname="test.TabsTest" name="clickAtPractice" time="1.882"/>
  <testcase classname="test.TabsTest" name="clickAtWigets" time="0.211"/>
  <testcase classname="test.TabsTest" name="clickAtTab" time="0.34"/>
  <testcase classname="test.TabsTest" name="clickAtTab1" time="0.281"/>
  <testcase classname="test.TabsTest" name="clickAtTab2" time="0.121"/>
  <testcase classname="test.TabsTest" name="clickAtTab3" time="0.151"/>
</testsuite> <!-- TabsTest -->
