<?xml version="1.0" encoding="UTF-8"?>
<!-- Generated by org.testng.reporters.JUnitXMLReporter -->
<testsuite ignored="0" hostname="LAPTOP-FUN2M76R" failures="0" tests="7" name="TextBoxTest" time="44.416" errors="0" timestamp="2024-12-25T15:47:52 IST">
  <testcase classname="test.TextBoxTest" name="clickonclose" time="0.887"/>
  <testcase classname="test.TextBoxTest" name="clickonpractice" time="3.387"/>
  <testcase classname="test.TextBoxTest" name="clickonelements" time="0.162"/>
  <testcase classname="test.TextBoxTest" name="clickontextbox" time="0.867"/>
  <testcase classname="test.TextBoxTest" name="filldetails" time="3.71"/>
  <testcase classname="test.TextBoxTest" name="clickonsubmit" time="0.106"/>
  <testcase classname="test.TextBoxTest" name="validate" time="1.027"/>
</testsuite> <!-- TextBoxTest -->
