<?xml version="1.0" encoding="UTF-8"?>
<!-- Generated by org.testng.reporters.JUnitXMLReporter -->
<testsuite ignored="0" hostname="LAPTOP-FUN2M76R" failures="0" tests="7" name="TextBoxTest" time="16.266" errors="0" timestamp="2024-12-09T20:39:30 IST">
  <testcase classname="test.TextBoxTest" name="clickonclose" time="0.248"/>
  <testcase classname="test.TextBoxTest" name="clickonpractice" time="1.743"/>
  <testcase classname="test.TextBoxTest" name="clickonelements" time="0.12"/>
  <testcase classname="test.TextBoxTest" name="clickontextbox" time="0.108"/>
  <testcase classname="test.TextBoxTest" name="filldetails" time="2.02"/>
  <testcase classname="test.TextBoxTest" name="clickonsubmit" time="0.107"/>
  <testcase classname="test.TextBoxTest" name="validate" time="0.398"/>
</testsuite> <!-- TextBoxTest -->
