<?xml version="1.0" encoding="UTF-8"?>
<!-- Generated by org.testng.reporters.JUnitXMLReporter -->
<testsuite ignored="0" hostname="LAPTOP-FUN2M76R" failures="0" tests="6" name="ToolTipTest" time="13.172" errors="0" timestamp="2024-12-25T15:59:53 IST">
  <testcase classname="test.ToolTipTest" name="clickAtClose" time="0.597"/>
  <testcase classname="test.ToolTipTest" name="clickAtPractice" time="2.931"/>
  <testcase classname="test.ToolTipTest" name="clickAtWigets" time="0.293"/>
  <testcase classname="test.ToolTipTest" name="clickAtToolTip" time="0.5"/>
  <testcase classname="test.ToolTipTest" name="clickAtToolTip1" time="0.532"/>
  <testcase classname="test.ToolTipTest" name="clickAtToolTip2" time="0.231"/>
</testsuite> <!-- ToolTipTest -->
