<?xml version="1.0" encoding="UTF-8"?>
<!-- Generated by org.testng.reporters.JUnitXMLReporter -->
<testsuite ignored="0" hostname="LAPTOP-FUN2M76R" failures="6" tests="6" name="ToolTipTest" time="0.04" errors="0" timestamp="2024-12-11T01:27:15 IST">
  <testcase classname="test.ToolTipTest" name="clickAtClose" time="0.009">
    <failure type="java.lang.NullPointerException" message="Cannot invoke &amp;quot;pages.ToolTipPage.clickOnClose()&amp;quot; because &amp;quot;this.ob&amp;quot; is null">
      <![CDATA[java.lang.NullPointerException: Cannot invoke "pages.ToolTipPage.clickOnClose()" because "this.ob" is null
at test.ToolTipTest.clickAtClose(ToolTipTest.java:22)
at java.base/java.util.ArrayList.forEach(ArrayList.java:1511)
... Removed 25 stack frames]]>
    </failure>
  </testcase> <!-- clickAtClose -->
  <testcase classname="test.ToolTipTest" name="clickAtPractice" time="0.003">
    <failure type="java.lang.NullPointerException" message="Cannot invoke &amp;quot;pages.ToolTipPage.clickOnPractice()&amp;quot; because &amp;quot;this.ob&amp;quot; is null">
      <![CDATA[java.lang.NullPointerException: Cannot invoke "pages.ToolTipPage.clickOnPractice()" because "this.ob" is null
at test.ToolTipTest.clickAtPractice(ToolTipTest.java:27)
at java.base/java.util.ArrayList.forEach(ArrayList.java:1511)
... Removed 25 stack frames]]>
    </failure>
  </testcase> <!-- clickAtPractice -->
  <testcase classname="test.ToolTipTest" name="clickAtWigets" time="0.001">
    <failure type="java.lang.NullPointerException" message="Cannot invoke &amp;quot;pages.ToolTipPage.clickOnWiget()&amp;quot; because &amp;quot;this.ob&amp;quot; is null">
      <![CDATA[java.lang.NullPointerException: Cannot invoke "pages.ToolTipPage.clickOnWiget()" because "this.ob" is null
at test.ToolTipTest.clickAtWigets(ToolTipTest.java:32)
at java.base/java.util.ArrayList.forEach(ArrayList.java:1511)
... Removed 25 stack frames]]>
    </failure>
  </testcase> <!-- clickAtWigets -->
  <testcase classname="test.ToolTipTest" name="clickAtToolTip" time="0.002">
    <failure type="java.lang.NullPointerException" message="Cannot invoke &amp;quot;pages.ToolTipPage.clickOnToolTip()&amp;quot; because &amp;quot;this.ob&amp;quot; is null">
      <![CDATA[java.lang.NullPointerException: Cannot invoke "pages.ToolTipPage.clickOnToolTip()" because "this.ob" is null
at test.ToolTipTest.clickAtToolTip(ToolTipTest.java:37)
at java.base/java.util.ArrayList.forEach(ArrayList.java:1511)
... Removed 25 stack frames]]>
    </failure>
  </testcase> <!-- clickAtToolTip -->
  <testcase classname="test.ToolTipTest" name="clickAtToolTip1" time="0.003">
    <failure type="java.lang.NullPointerException" message="Cannot invoke &amp;quot;pages.ToolTipPage.clickOnToolTip1()&amp;quot; because &amp;quot;this.ob&amp;quot; is null">
      <![CDATA[java.lang.NullPointerException: Cannot invoke "pages.ToolTipPage.clickOnToolTip1()" because "this.ob" is null
at test.ToolTipTest.clickAtToolTip1(ToolTipTest.java:42)
at java.base/java.util.ArrayList.forEach(ArrayList.java:1511)
... Removed 25 stack frames]]>
    </failure>
  </testcase> <!-- clickAtToolTip1 -->
  <testcase classname="test.ToolTipTest" name="clickAtToolTip2" time="0.003">
    <failure type="java.lang.NullPointerException" message="Cannot invoke &amp;quot;pages.ToolTipPage.clickOnToolTip2()&amp;quot; because &amp;quot;this.ob&amp;quot; is null">
      <![CDATA[java.lang.NullPointerException: Cannot invoke "pages.ToolTipPage.clickOnToolTip2()" because "this.ob" is null
at test.ToolTipTest.clickAtToolTip2(ToolTipTest.java:48)
at java.base/java.util.ArrayList.forEach(ArrayList.java:1511)
... Removed 25 stack frames]]>
    </failure>
  </testcase> <!-- clickAtToolTip2 -->
</testsuite> <!-- ToolTipTest -->
