<?xml version="1.0" encoding="UTF-8"?>
<!-- Generated by org.testng.reporters.JUnitXMLReporter -->
<testsuite ignored="0" hostname="LAPTOP-FUN2M76R" failures="0" tests="6" name="Upload_DownloadTest" time="82.888" errors="0" timestamp="2024-12-09T20:42:19 IST">
  <testcase classname="test.Upload_DownloadTest" name="clickAtClose" time="6.047"/>
  <testcase classname="test.Upload_DownloadTest" name="clickAtPractice" time="28.32"/>
  <testcase classname="test.Upload_DownloadTest" name="clickAtElements" time="1.484"/>
  <testcase classname="test.Upload_DownloadTest" name="clickAtUploads" time="0.39"/>
  <testcase classname="test.Upload_DownloadTest" name="clickAtChose" time="0.279"/>
  <testcase classname="test.Upload_DownloadTest" name="uploadDoc" time="1.86"/>
</testsuite> <!-- Upload_DownloadTest -->
