<?xml version="1.0" encoding="UTF-8"?>
<!-- Generated by org.testng.reporters.JUnitXMLReporter -->
<testsuite ignored="0" hostname="LAPTOP-FUN2M76R" failures="0" tests="6" name="Upload_DownloadTest" time="27.378" errors="0" timestamp="2024-12-25T15:51:20 IST">
  <testcase classname="test.Upload_DownloadTest" name="clickAtClose" time="2.822"/>
  <testcase classname="test.Upload_DownloadTest" name="clickAtPractice" time="7.938"/>
  <testcase classname="test.Upload_DownloadTest" name="clickAtElements" time="0.575"/>
  <testcase classname="test.Upload_DownloadTest" name="clickAtUploads" time="0.835"/>
  <testcase classname="test.Upload_DownloadTest" name="clickAtChose" time="0.29"/>
  <testcase classname="test.Upload_DownloadTest" name="uploadDoc" time="2.573"/>
</testsuite> <!-- Upload_DownloadTest -->
