<?xml version="1.0" encoding="UTF-8"?>
<!-- Generated by org.testng.reporters.JUnitXMLReporter -->
<testsuite ignored="0" hostname="LAPTOP-FUN2M76R" failures="0" tests="5" name="UploadTest" time="18.492" errors="0" timestamp="2024-11-26T20:06:33 IST">
  <testcase classname="test.Upload_DownloadTest" name="clickAtClose" time="2.475"/>
  <testcase classname="test.Upload_DownloadTest" name="clickAtPractice" time="3.014"/>
  <testcase classname="test.Upload_DownloadTest" name="clickAtElements" time="0.262"/>
  <testcase classname="test.Upload_DownloadTest" name="clickAtUploads" time="0.425"/>
  <testcase classname="test.Upload_DownloadTest" name="clickAtChose" time="0.317"/>
</testsuite> <!-- UploadTest -->
